#
# There is insufficient memory for the Java Runtime Environment to continue.
# Native memory allocation (malloc) failed to allocate 1323136 bytes for Chunk::new
# Possible reasons:
#   The system is out of physical RAM or swap space
#   In 32 bit mode, the process size limit was hit
# Possible solutions:
#   Reduce memory load on the system
#   Increase physical memory or swap space
#   Check if swap backing store is full
#   Use 64 bit Java on a 64 bit OS
#   Decrease Java heap size (-Xmx/-Xms)
#   Decrease number of Java threads
#   Decrease Java thread stack sizes (-Xss)
#   Set larger code cache with -XX:ReservedCodeCacheSize=
# This output file may be truncated or incomplete.
#
#  Out of Memory Error (allocation.cpp:390), pid=220, tid=3136
#
# JRE version: Java(TM) SE Runtime Environment (8.0_60-b27) (build 1.8.0_60-b27)
# Java VM: Java HotSpot(TM) 64-Bit Server VM (25.60-b23 mixed mode windows-amd64 compressed oops)
# Failed to write core dump. Minidumps are not enabled by default on client versions of Windows
#

---------------  T H R E A D  ---------------

Current thread (0x000000001e138800):  JavaThread "C2 CompilerThread2" daemon [_thread_in_native, id=3136, stack(0x000000001e900000,0x000000001ea00000)]

Stack: [0x000000001e900000,0x000000001ea00000]
[error occurred during error reporting (printing stack bounds), id 0xc0000005]

Native frames: (J=compiled Java code, j=interpreted, Vv=VM code, C=native code)


Current CompileTask:
C2: 259978 13228       4       org.hibernate.loader.custom.CustomLoader::<init> (1723 bytes)


---------------  P R O C E S S  ---------------

Java Threads: ( => current thread )
  0x000000002343e000 JavaThread "HikariPool-1 connection adder" daemon [_thread_blocked, id=6076, stack(0x00000000008a0000,0x00000000009a0000)]
  0x0000000023442800 JavaThread "DestroyJavaVM" [_thread_blocked, id=2916, stack(0x00000000023b0000,0x00000000024b0000)]
  0x0000000023435800 JavaThread "http-nio-8888-Acceptor" daemon [_thread_in_native, id=12696, stack(0x0000000029bc0000,0x0000000029cc0000)]
  0x000000002343c800 JavaThread "http-nio-8888-ClientPoller" daemon [_thread_in_native, id=1332, stack(0x0000000028be0000,0x0000000028ce0000)]
  0x000000002343b800 JavaThread "http-nio-8888-exec-10" daemon [_thread_in_native, id=3152, stack(0x0000000029ac0000,0x0000000029bc0000)]
  0x0000000023436800 JavaThread "http-nio-8888-exec-9" daemon [_thread_blocked, id=2852, stack(0x00000000299c0000,0x0000000029ac0000)]
  0x0000000023435000 JavaThread "http-nio-8888-exec-8" daemon [_thread_blocked, id=4476, stack(0x00000000298c0000,0x00000000299c0000)]
  0x0000000023439800 JavaThread "http-nio-8888-exec-7" daemon [_thread_blocked, id=2020, stack(0x00000000295c0000,0x00000000296c0000)]
  0x0000000023434000 JavaThread "http-nio-8888-exec-6" daemon [_thread_blocked, id=3572, stack(0x00000000294c0000,0x00000000295c0000)]
  0x0000000023437000 JavaThread "http-nio-8888-exec-5" daemon [_thread_blocked, id=13016, stack(0x00000000293c0000,0x00000000294c0000)]
  0x000000002343b000 JavaThread "http-nio-8888-exec-4" daemon [_thread_in_native, id=2848, stack(0x00000000292c0000,0x00000000293c0000)]
  0x0000000023433800 JavaThread "http-nio-8888-exec-3" daemon [_thread_blocked, id=6152, stack(0x00000000291c0000,0x00000000292c0000)]
  0x0000000023438000 JavaThread "http-nio-8888-exec-2" daemon [_thread_in_native, id=7616, stack(0x00000000290c0000,0x00000000291c0000)]
  0x000000002343a000 JavaThread "http-nio-8888-exec-1" daemon [_thread_blocked, id=6980, stack(0x0000000028fc0000,0x00000000290c0000)]
  0x0000000023438800 JavaThread "http-nio-8888-BlockPoller" daemon [_thread_in_native, id=2760, stack(0x00000000288a0000,0x00000000289a0000)]
  0x000000001e2b5000 JavaThread "container-0" [_thread_blocked, id=10016, stack(0x0000000028250000,0x0000000028350000)]
  0x000000001e2b0800 JavaThread "Catalina-utility-2" [_thread_blocked, id=6828, stack(0x0000000026bf0000,0x0000000026cf0000)]
  0x000000001e2ae000 JavaThread "Catalina-utility-1" [_thread_blocked, id=8672, stack(0x0000000025ae0000,0x0000000025be0000)]
  0x000000001e2af800 JavaThread "HikariPool-1 housekeeper" daemon [_thread_blocked, id=9964, stack(0x00000000256e0000,0x00000000257e0000)]
  0x000000001e2b2000 JavaThread "InterruptTimer" daemon [_thread_blocked, id=12324, stack(0x0000000023f60000,0x0000000024060000)]
  0x000000001e2b3800 JavaThread "oracle.jdbc.driver.BlockSource.ThreadedCachingBlockSource.BlockReleaser" daemon [_thread_blocked, id=12564, stack(0x0000000022450000,0x0000000022550000)]
  0x000000001e2b1000 JavaThread "Timer-0" daemon [_thread_blocked, id=11820, stack(0x000000001f670000,0x000000001f770000)]
  0x000000001e17b800 JavaThread "Service Thread" daemon [_thread_blocked, id=5552, stack(0x000000001eb00000,0x000000001ec00000)]
  0x000000001e148800 JavaThread "C1 CompilerThread3" daemon [_thread_blocked, id=3792, stack(0x000000001ea00000,0x000000001eb00000)]
=>0x000000001e138800 JavaThread "C2 CompilerThread2" daemon [_thread_in_native, id=3136, stack(0x000000001e900000,0x000000001ea00000)]
  0x000000001e137000 JavaThread "C2 CompilerThread1" daemon [_thread_blocked, id=13164, stack(0x000000001e800000,0x000000001e900000)]
  0x000000001e134800 JavaThread "C2 CompilerThread0" daemon [_thread_blocked, id=13208, stack(0x000000001e700000,0x000000001e800000)]
  0x000000001e12e000 JavaThread "Attach Listener" daemon [_thread_blocked, id=12572, stack(0x000000001e600000,0x000000001e700000)]
  0x000000001e12d800 JavaThread "Signal Dispatcher" daemon [_thread_blocked, id=12788, stack(0x000000001e500000,0x000000001e600000)]
  0x00000000025ae000 JavaThread "Finalizer" daemon [_thread_blocked, id=12860, stack(0x000000001ded0000,0x000000001dfd0000)]
  0x00000000025a7000 JavaThread "Reference Handler" daemon [_thread_blocked, id=2780, stack(0x000000001ddd0000,0x000000001ded0000)]

Other Threads:
  0x000000001bfe9800 VMThread [stack: 0x000000001dcd0000,0x000000001ddd0000] [id=7148]
  0x000000001e180000 WatcherThread [stack: 0x000000001ec00000,0x000000001ed00000] [id=7468]

VM state:not at safepoint (normal execution)

VM Mutex/Monitor currently owned by a thread: None

Heap:
 PSYoungGen      total 1009664K, used 113198K [0x000000076b300000, 0x00000007b1c00000, 0x00000007c0000000)
  eden space 863232K, 7% used [0x000000076b300000,0x000000076ee3d1c8,0x000000079fe00000)
  from space 146432K, 35% used [0x000000079fe00000,0x00000007a314ea10,0x00000007a8d00000)
  to   space 117760K, 0% used [0x00000007aa900000,0x00000007aa900000,0x00000007b1c00000)
 ParOldGen       total 549888K, used 233006K [0x00000006c1800000, 0x00000006e3100000, 0x000000076b300000)
  object space 549888K, 42% used [0x00000006c1800000,0x00000006cfb8bb20,0x00000006e3100000)
 Metaspace       used 71496K, capacity 75052K, committed 75392K, reserved 1114112K
  class space    used 9154K, capacity 9762K, committed 9856K, reserved 1048576K

Card table byte_map: [0x0000000011970000,0x0000000012170000] byte_map_base: 0x000000000e364000

Marking Bits: (ParMarkBitMap*) 0x000000007506a5b0
 Begin Bits: [0x0000000012ec0000, 0x0000000016e60000)
 End Bits:   [0x0000000016e60000, 0x000000001ae00000)

Polling page: 0x00000000001f0000

CodeCache: size=245760Kb used=37242Kb max_used=37250Kb free=208517Kb
 bounds [0x00000000025b0000, 0x0000000004ab0000, 0x00000000115b0000]
 total_blobs=11258 nmethods=10644 adapters=524
 compilation: enabled

Compilation events (10 events):
Event: 258.348 Thread 0x000000001e148800 nmethod 13223 0x00000000032b7210 code [0x00000000032b7380, 0x00000000032b7650]
Event: 258.348 Thread 0x000000001e148800 13224       3       oracle.net.nt.Clock::access$000 (4 bytes)
Event: 258.348 Thread 0x000000001e148800 nmethod 13224 0x000000000316ec10 code [0x000000000316ed60, 0x000000000316eeb0]
Event: 258.384 Thread 0x000000001e138800 13225       4       org.springframework.web.method.support.HandlerMethodReturnValueHandlerComposite::selectHandler (74 bytes)
Event: 258.402 Thread 0x000000001e138800 nmethod 13225 0x0000000002b825d0 code [0x0000000002b82760, 0x0000000002b83098]
Event: 258.443 Thread 0x000000001e137000 13226   !   4       org.springframework.core.annotation.AttributeMethods::isValid (51 bytes)
Event: 258.455 Thread 0x000000001e137000 nmethod 13226 0x0000000002d7e210 code [0x0000000002d7e3c0, 0x0000000002d7ea90]
Event: 259.475 Thread 0x000000001e134800 13227       4       org.springframework.core.annotation.TypeMappedAnnotations::isPresent (39 bytes)
Event: 259.483 Thread 0x000000001e134800 nmethod 13227 0x0000000003b2f150 code [0x0000000003b2f2c0, 0x0000000003b2f658]
Event: 259.543 Thread 0x000000001e138800 13228       4       org.hibernate.loader.custom.CustomLoader::<init> (1723 bytes)

GC Heap History (10 events):
Event: 163.236 GC heap before
{Heap before GC invocations=18 (full 5):
 PSYoungGen      total 681984K, used 584704K [0x000000076b300000, 0x00000007aac80000, 0x00000007c0000000)
  eden space 584704K, 100% used [0x000000076b300000,0x000000078ee00000,0x000000078ee00000)
  from space 97280K, 0% used [0x000000079a400000,0x000000079a400000,0x00000007a0300000)
  to   space 186368K, 0% used [0x000000078ee00000,0x000000078ee00000,0x000000079a400000)
 ParOldGen       total 549888K, used 232966K [0x00000006c1800000, 0x00000006e3100000, 0x000000076b300000)
  object space 549888K, 42% used [0x00000006c1800000,0x00000006cfb81b20,0x00000006e3100000)
 Metaspace       used 69656K, capacity 73200K, committed 73344K, reserved 1112064K
  class space    used 9145K, capacity 9730K, committed 9856K, reserved 1048576K
Event: 163.316 GC heap after
Heap after GC invocations=18 (full 5):
 PSYoungGen      total 771072K, used 52128K [0x000000076b300000, 0x00000007ae180000, 0x00000007c0000000)
  eden space 584704K, 0% used [0x000000076b300000,0x000000076b300000,0x000000078ee00000)
  from space 186368K, 27% used [0x000000078ee00000,0x00000007920e80a0,0x000000079a400000)
  to   space 175104K, 0% used [0x00000007a3680000,0x00000007a3680000,0x00000007ae180000)
 ParOldGen       total 549888K, used 232974K [0x00000006c1800000, 0x00000006e3100000, 0x000000076b300000)
  object space 549888K, 42% used [0x00000006c1800000,0x00000006cfb83b20,0x00000006e3100000)
 Metaspace       used 69656K, capacity 73200K, committed 73344K, reserved 1112064K
  class space    used 9145K, capacity 9730K, committed 9856K, reserved 1048576K
}
Event: 174.400 GC heap before
{Heap before GC invocations=19 (full 5):
 PSYoungGen      total 771072K, used 636832K [0x000000076b300000, 0x00000007ae180000, 0x00000007c0000000)
  eden space 584704K, 100% used [0x000000076b300000,0x000000078ee00000,0x000000078ee00000)
  from space 186368K, 27% used [0x000000078ee00000,0x00000007920e80a0,0x000000079a400000)
  to   space 175104K, 0% used [0x00000007a3680000,0x00000007a3680000,0x00000007ae180000)
 ParOldGen       total 549888K, used 232974K [0x00000006c1800000, 0x00000006e3100000, 0x000000076b300000)
  object space 549888K, 42% used [0x00000006c1800000,0x00000006cfb83b20,0x00000006e3100000)
 Metaspace       used 71412K, capacity 74988K, committed 75136K, reserved 1114112K
  class space    used 9148K, capacity 9762K, committed 9856K, reserved 1048576K
Event: 174.479 GC heap after
Heap after GC invocations=19 (full 5):
 PSYoungGen      total 866816K, used 51997K [0x000000076b300000, 0x00000007abd00000, 0x00000007c0000000)
  eden space 729088K, 0% used [0x000000076b300000,0x000000076b300000,0x0000000797b00000)
  from space 137728K, 37% used [0x00000007a3680000,0x00000007a6947568,0x00000007abd00000)
  to   space 164864K, 0% used [0x0000000797b00000,0x0000000797b00000,0x00000007a1c00000)
 ParOldGen       total 549888K, used 232982K [0x00000006c1800000, 0x00000006e3100000, 0x000000076b300000)
  object space 549888K, 42% used [0x00000006c1800000,0x00000006cfb85b20,0x00000006e3100000)
 Metaspace       used 71412K, capacity 74988K, committed 75136K, reserved 1114112K
  class space    used 9148K, capacity 9762K, committed 9856K, reserved 1048576K
}
Event: 211.740 GC heap before
{Heap before GC invocations=20 (full 5):
 PSYoungGen      total 866816K, used 781085K [0x000000076b300000, 0x00000007abd00000, 0x00000007c0000000)
  eden space 729088K, 100% used [0x000000076b300000,0x0000000797b00000,0x0000000797b00000)
  from space 137728K, 37% used [0x00000007a3680000,0x00000007a6947568,0x00000007abd00000)
  to   space 164864K, 0% used [0x0000000797b00000,0x0000000797b00000,0x00000007a1c00000)
 ParOldGen       total 549888K, used 232982K [0x00000006c1800000, 0x00000006e3100000, 0x000000076b300000)
  object space 549888K, 42% used [0x00000006c1800000,0x00000006cfb85b20,0x00000006e3100000)
 Metaspace       used 71466K, capacity 75052K, committed 75392K, reserved 1114112K
  class space    used 9149K, capacity 9762K, committed 9856K, reserved 1048576K
Event: 211.819 GC heap after
Heap after GC invocations=20 (full 5):
 PSYoungGen      total 893952K, used 52061K [0x000000076b300000, 0x00000007b4080000, 0x00000007c0000000)
  eden space 729088K, 0% used [0x000000076b300000,0x000000076b300000,0x0000000797b00000)
  from space 164864K, 31% used [0x0000000797b00000,0x000000079add7568,0x00000007a1c00000)
  to   space 155136K, 0% used [0x00000007aa900000,0x00000007aa900000,0x00000007b4080000)
 ParOldGen       total 549888K, used 232990K [0x00000006c1800000, 0x00000006e3100000, 0x000000076b300000)
  object space 549888K, 42% used [0x00000006c1800000,0x00000006cfb87b20,0x00000006e3100000)
 Metaspace       used 71466K, capacity 75052K, committed 75392K, reserved 1114112K
  class space    used 9149K, capacity 9762K, committed 9856K, reserved 1048576K
}
Event: 240.586 GC heap before
{Heap before GC invocations=21 (full 5):
 PSYoungGen      total 893952K, used 781149K [0x000000076b300000, 0x00000007b4080000, 0x00000007c0000000)
  eden space 729088K, 100% used [0x000000076b300000,0x0000000797b00000,0x0000000797b00000)
  from space 164864K, 31% used [0x0000000797b00000,0x000000079add7568,0x00000007a1c00000)
  to   space 155136K, 0% used [0x00000007aa900000,0x00000007aa900000,0x00000007b4080000)
 ParOldGen       total 549888K, used 232990K [0x00000006c1800000, 0x00000006e3100000, 0x000000076b300000)
  object space 549888K, 42% used [0x00000006c1800000,0x00000006cfb87b20,0x00000006e3100000)
 Metaspace       used 71477K, capacity 75052K, committed 75392K, reserved 1114112K
  class space    used 9149K, capacity 9762K, committed 9856K, reserved 1048576K
Event: 240.695 GC heap after
Heap after GC invocations=21 (full 5):
 PSYoungGen      total 980992K, used 51952K [0x000000076b300000, 0x00000007b1c00000, 0x00000007c0000000)
  eden space 863232K, 0% used [0x000000076b300000,0x000000076b300000,0x000000079fe00000)
  from space 117760K, 44% used [0x00000007aa900000,0x00000007adbbc0b0,0x00000007b1c00000)
  to   space 146432K, 0% used [0x000000079fe00000,0x000000079fe00000,0x00000007a8d00000)
 ParOldGen       total 549888K, used 232998K [0x00000006c1800000, 0x00000006e3100000, 0x000000076b300000)
  object space 549888K, 42% used [0x00000006c1800000,0x00000006cfb89b20,0x00000006e3100000)
 Metaspace       used 71477K, capacity 75052K, committed 75392K, reserved 1114112K
  class space    used 9149K, capacity 9762K, committed 9856K, reserved 1048576K
}
Event: 259.187 GC heap before
{Heap before GC invocations=22 (full 5):
 PSYoungGen      total 980992K, used 915184K [0x000000076b300000, 0x00000007b1c00000, 0x00000007c0000000)
  eden space 863232K, 100% used [0x000000076b300000,0x000000079fe00000,0x000000079fe00000)
  from space 117760K, 44% used [0x00000007aa900000,0x00000007adbbc0b0,0x00000007b1c00000)
  to   space 146432K, 0% used [0x000000079fe00000,0x000000079fe00000,0x00000007a8d00000)
 ParOldGen       total 549888K, used 232998K [0x00000006c1800000, 0x00000006e3100000, 0x000000076b300000)
  object space 549888K, 42% used [0x00000006c1800000,0x00000006cfb89b20,0x00000006e3100000)
 Metaspace       used 71496K, capacity 75052K, committed 75392K, reserved 1114112K
  class space    used 9154K, capacity 9762K, committed 9856K, reserved 1048576K
Event: 259.291 GC heap after
Heap after GC invocations=22 (full 5):
 PSYoungGen      total 1009664K, used 52538K [0x000000076b300000, 0x00000007b1c00000, 0x00000007c0000000)
  eden space 863232K, 0% used [0x000000076b300000,0x000000076b300000,0x000000079fe00000)
  from space 146432K, 35% used [0x000000079fe00000,0x00000007a314ea10,0x00000007a8d00000)
  to   space 117760K, 0% used [0x00000007aa900000,0x00000007aa900000,0x00000007b1c00000)
 ParOldGen       total 549888K, used 233006K [0x00000006c1800000, 0x00000006e3100000, 0x000000076b300000)
  object space 549888K, 42% used [0x00000006c1800000,0x00000006cfb8bb20,0x00000006e3100000)
 Metaspace       used 71496K, capacity 75052K, committed 75392K, reserved 1114112K
  class space    used 9154K, capacity 9762K, committed 9856K, reserved 1048576K
}

Deoptimization events (10 events):
Event: 236.239 Thread 0x0000000023438800 Uncommon trap: reason=unstable_if action=reinterpret pc=0x0000000003a086e0 method=sun.nio.ch.WindowsSelectorImpl.doSelect(J)I @ 28
Event: 240.696 Thread 0x0000000023434000 Uncommon trap: reason=unstable_if action=reinterpret pc=0x00000000028ca8d8 method=org.springframework.util.ConcurrentReferenceHashMap$Segment.findInChain(Lorg/springframework/util/ConcurrentReferenceHashMap$Reference;Ljava/lang/Object;I)Lorg/springframewor·@')Un@
Event: 240.698 Thread 0x0000000023434000 Uncommon trap: reason=class_check action=maybe_recompile pc=0x0000000002b23eb4 method=org.springframework.util.ConcurrentReferenceHashMap$Segment.doTask(ILjava/lang/Object;Lorg/springframework/util/ConcurrentReferenceHashMap$Task;)Ljava/lang/Object; @ 94
Event: 245.566 Thread 0x000000002343b800 Uncommon trap: reason=array_check action=maybe_recompile pc=0x00000000040fd814 method=com.zaxxer.hikari.util.FastList.add(Ljava/lang/Object;)Z @ 28
Event: 245.569 Thread 0x000000002343b800 Uncommon trap: reason=array_check action=maybe_recompile pc=0x00000000040fd814 method=com.zaxxer.hikari.util.FastList.add(Ljava/lang/Object;)Z @ 28
Event: 245.571 Thread 0x000000002343b000 Uncommon trap: reason=array_check action=maybe_recompile pc=0x00000000040fd814 method=com.zaxxer.hikari.util.FastList.add(Ljava/lang/Object;)Z @ 28
Event: 245.572 Thread 0x000000002343b000 Uncommon trap: reason=array_check action=maybe_recompile pc=0x00000000040fd814 method=com.zaxxer.hikari.util.FastList.add(Ljava/lang/Object;)Z @ 28
Event: 255.228 Thread 0x0000000023435000 Uncommon trap: reason=null_check action=make_not_entrant pc=0x0000000003b46aa4 method=java.util.logging.Logger$LoggerBundle.isSystemBundle()Z @ 6
Event: 258.900 Thread 0x0000000023433800 Uncommon trap: reason=unstable_if action=reinterpret pc=0x0000000003dc6a64 method=java.util.concurrent.ConcurrentLinkedQueue.size()I @ 15
Event: 259.344 Thread 0x0000000023436800 Uncommon trap: reason=class_check action=maybe_recompile pc=0x0000000002b23eb4 method=org.springframework.util.ConcurrentReferenceHashMap$Segment.doTask(ILjava/lang/Object;Lorg/springframework/util/ConcurrentReferenceHashMap$Task;)Ljava/lang/Object; @ 94

Internal exceptions (10 events):
Event: 160.368 Thread 0x0000000023434000 Exception <a 'java/lang/reflect/InvocationTargetException'> (0x000000078409ca30) thrown at [C:\re\workspace\8-2-build-windows-amd64-cygwin\jdk8u60\4407\hotspot\src\share\vm\runtime\reflection.cpp, line 1092]
Event: 160.371 Thread 0x000000002343b000 Exception <a 'java/lang/reflect/InvocationTargetException'> (0x0000000783c76e48) thrown at [C:\re\workspace\8-2-build-windows-amd64-cygwin\jdk8u60\4407\hotspot\src\share\vm\runtime\reflection.cpp, line 1092]
Event: 160.388 Thread 0x0000000023433800 Exception <a 'java/lang/reflect/InvocationTargetException'> (0x0000000786dcc408) thrown at [C:\re\workspace\8-2-build-windows-amd64-cygwin\jdk8u60\4407\hotspot\src\share\vm\runtime\reflection.cpp, line 1092]
Event: 160.388 Thread 0x0000000023438000 Exception <a 'java/lang/reflect/InvocationTargetException'> (0x00000007870a75a8) thrown at [C:\re\workspace\8-2-build-windows-amd64-cygwin\jdk8u60\4407\hotspot\src\share\vm\runtime\reflection.cpp, line 1092]
Event: 160.449 Thread 0x0000000023435000 Implicit null exception at 0x000000000396d356 to 0x000000000396d71d
Event: 160.456 Thread 0x0000000023435000 Exception <a 'java/lang/reflect/InvocationTargetException'> (0x0000000784cf4498) thrown at [C:\re\workspace\8-2-build-windows-amd64-cygwin\jdk8u60\4407\hotspot\src\share\vm\runtime\reflection.cpp, line 1092]
Event: 160.459 Thread 0x0000000023436800 Exception <a 'java/lang/reflect/InvocationTargetException'> (0x00000007852615b0) thrown at [C:\re\workspace\8-2-build-windows-amd64-cygwin\jdk8u60\4407\hotspot\src\share\vm\runtime\reflection.cpp, line 1092]
Event: 160.719 Thread 0x0000000023437000 Implicit null exception at 0x0000000003a2a8e7 to 0x0000000003a2a999
Event: 228.270 Thread 0x0000000023434000 Implicit null exception at 0x00000000049d4e27 to 0x00000000049d9251
Event: 255.228 Thread 0x0000000023435000 Implicit null exception at 0x0000000003b46545 to 0x0000000003b46a91

Events (10 events):
Event: 259.690 loading class sun/reflect/GeneratedMethodAccessor125
Event: 259.690 loading class sun/reflect/GeneratedMethodAccessor125 done
Event: 259.696 loading class sun/reflect/GeneratedMethodAccessor125
Event: 259.696 loading class sun/reflect/GeneratedMethodAccessor125 done
Event: 259.696 loading class sun/reflect/GeneratedMethodAccessor125
Event: 259.697 loading class sun/reflect/GeneratedMethodAccessor125 done
Event: 259.697 loading class sun/reflect/GeneratedMethodAccessor125
Event: 259.697 loading class sun/reflect/GeneratedMethodAccessor125 done
Event: 259.708 loading class sun/reflect/GeneratedMethodAccessor125
Event: 259.708 loading class sun/reflect/GeneratedMethodAccessor125 done


Dynamic libraries:
0x00007ff7a8490000 - 0x00007ff7a84c7000 	C:\Program Files\Java\jdk1.8.0_60\bin\javaw.exe
0x00007ffb3b820000 - 0x00007ffb3ba10000 	C:\Windows\SYSTEM32\ntdll.dll
0x00007ffb3adb0000 - 0x00007ffb3ae62000 	C:\Windows\System32\KERNEL32.DLL
0x00007ffb38a30000 - 0x00007ffb38cd5000 	C:\Windows\System32\KERNELBASE.dll
0x00007ffb3ac90000 - 0x00007ffb3ad33000 	C:\Windows\System32\ADVAPI32.dll
0x00007ffb3a9f0000 - 0x00007ffb3aa8e000 	C:\Windows\System32\msvcrt.dll
0x00007ffb3a780000 - 0x00007ffb3a817000 	C:\Windows\System32\sechost.dll
0x00007ffb3a5e0000 - 0x00007ffb3a700000 	C:\Windows\System32\RPCRT4.dll
0x00007ffb398d0000 - 0x00007ffb39a65000 	C:\Windows\System32\USER32.dll
0x00007ffb39850000 - 0x00007ffb39871000 	C:\Windows\System32\win32u.dll
0x00007ffb3a5b0000 - 0x00007ffb3a5d6000 	C:\Windows\System32\GDI32.dll
0x00007ffb39560000 - 0x00007ffb396f6000 	C:\Windows\System32\gdi32full.dll
0x00007ffb38990000 - 0x00007ffb38a2e000 	C:\Windows\System32\msvcp_win.dll
0x00007ffb38860000 - 0x00007ffb3895a000 	C:\Windows\System32\ucrtbase.dll
0x00007ffb25980000 - 0x00007ffb25c04000 	C:\Windows\WinSxS\amd64_microsoft.windows.common-controls_6595b64144ccf1df_6.0.18362.1082_none_9e8193e1e45b25c1\COMCTL32.dll
0x00007ffb3ae70000 - 0x00007ffb3b1a5000 	C:\Windows\System32\combase.dll
0x00007ffb38ce0000 - 0x00007ffb38d60000 	C:\Windows\System32\bcryptPrimitives.dll
0x00007ffb39d00000 - 0x00007ffb39d2e000 	C:\Windows\System32\IMM32.DLL
0x00000000750f0000 - 0x00000000751c2000 	C:\Program Files\Java\jdk1.8.0_60\jre\bin\msvcr100.dll
0x0000000074860000 - 0x00000000750e9000 	C:\Program Files\Java\jdk1.8.0_60\jre\bin\server\jvm.dll
0x00007ffb39d30000 - 0x00007ffb39d38000 	C:\Windows\System32\PSAPI.DLL
0x00007ffb1c980000 - 0x00007ffb1c989000 	C:\Windows\SYSTEM32\WSOCK32.dll
0x00007ffb362a0000 - 0x00007ffb362c4000 	C:\Windows\SYSTEM32\WINMM.dll
0x00007ffb2f380000 - 0x00007ffb2f38a000 	C:\Windows\SYSTEM32\VERSION.dll
0x00007ffb39c90000 - 0x00007ffb39cff000 	C:\Windows\System32\WS2_32.dll
0x00007ffb36180000 - 0x00007ffb361ad000 	C:\Windows\SYSTEM32\winmmbase.dll
0x00007ffb39880000 - 0x00007ffb398ca000 	C:\Windows\System32\cfgmgr32.dll
0x0000000074850000 - 0x000000007485f000 	C:\Program Files\Java\jdk1.8.0_60\jre\bin\verify.dll
0x0000000074820000 - 0x0000000074849000 	C:\Program Files\Java\jdk1.8.0_60\jre\bin\java.dll
0x0000000074800000 - 0x0000000074816000 	C:\Program Files\Java\jdk1.8.0_60\jre\bin\zip.dll
0x00007ffb39df0000 - 0x00007ffb3a4d7000 	C:\Windows\System32\SHELL32.dll
0x00007ffb3ab60000 - 0x00007ffb3ac09000 	C:\Windows\System32\shcore.dll
0x00007ffb38de0000 - 0x00007ffb39560000 	C:\Windows\System32\windows.storage.dll
0x00007ffb38780000 - 0x00007ffb387a3000 	C:\Windows\System32\profapi.dll
0x00007ffb38730000 - 0x00007ffb3877a000 	C:\Windows\System32\powrprof.dll
0x00007ffb386e0000 - 0x00007ffb386f0000 	C:\Windows\System32\UMPDC.dll
0x00007ffb39c20000 - 0x00007ffb39c72000 	C:\Windows\System32\shlwapi.dll
0x00007ffb386f0000 - 0x00007ffb38701000 	C:\Windows\System32\kernel.appcore.dll
0x00007ffb38dc0000 - 0x00007ffb38dd7000 	C:\Windows\System32\cryptsp.dll
0x00000000747f0000 - 0x00000000747fd000 	C:\Program Files\Java\jdk1.8.0_60\jre\bin\management.dll
0x00000000747d0000 - 0x00000000747ea000 	C:\Program Files\Java\jdk1.8.0_60\jre\bin\net.dll
0x00007ffb37f30000 - 0x00007ffb37f97000 	C:\Windows\system32\mswsock.dll
0x00007ffb16380000 - 0x00007ffb16396000 	C:\Windows\system32\napinsp.dll
0x00007ffb16360000 - 0x00007ffb1637a000 	C:\Windows\system32\pnrpnsp.dll
0x00007ffb37c80000 - 0x00007ffb37d4b000 	C:\Windows\SYSTEM32\DNSAPI.dll
0x00007ffb39c80000 - 0x00007ffb39c88000 	C:\Windows\System32\NSI.dll
0x00007ffb37c40000 - 0x00007ffb37c7a000 	C:\Windows\SYSTEM32\IPHLPAPI.DLL
0x00007ffb16350000 - 0x00007ffb1635e000 	C:\Windows\System32\winrnr.dll
0x00007ffb347d0000 - 0x00007ffb347ec000 	C:\Windows\system32\NLAapi.dll
0x00007ffb33c50000 - 0x00007ffb33c65000 	C:\Windows\system32\wshbth.dll
0x00007ffb24a10000 - 0x00007ffb24a1a000 	C:\Windows\System32\rasadhlp.dll
0x00007ffb2f2b0000 - 0x00007ffb2f327000 	C:\Windows\System32\fwpuclnt.dll
0x00007ffb38960000 - 0x00007ffb38986000 	C:\Windows\System32\bcrypt.dll
0x00000000747b0000 - 0x00000000747c1000 	C:\Program Files\Java\jdk1.8.0_60\jre\bin\nio.dll
0x00007ffb37aa0000 - 0x00007ffb37ad3000 	C:\Windows\system32\rsaenh.dll
0x00007ffb38600000 - 0x00007ffb38625000 	C:\Windows\SYSTEM32\USERENV.dll
0x00007ffb38100000 - 0x00007ffb3810c000 	C:\Windows\SYSTEM32\CRYPTBASE.dll
0x00007ffb2f330000 - 0x00007ffb2f346000 	C:\Windows\SYSTEM32\dhcpcsvc6.DLL
0x00007ffb2f9f0000 - 0x00007ffb2fa0c000 	C:\Windows\SYSTEM32\dhcpcsvc.DLL
0x0000000074780000 - 0x00000000747a4000 	C:\Program Files\Java\jdk1.8.0_60\jre\bin\sunec.dll

VM Arguments:
jvm_args: -Dfile.encoding=UTF-8 
java_command: esprit.projet.P3ariskBackEndApplication
java_class_path (initial): D:\myworkspace\p3ariskBackEnd\target\classes;C:\Users\dell\.m2\repository\org\springframework\boot\spring-boot-starter-data-jpa\2.3.1.RELEASE\spring-boot-starter-data-jpa-2.3.1.RELEASE.jar;C:\Users\dell\.m2\repository\org\springframework\boot\spring-boot-starter-aop\2.3.1.RELEASE\spring-boot-starter-aop-2.3.1.RELEASE.jar;C:\Users\dell\.m2\repository\org\aspectj\aspectjweaver\1.9.5\aspectjweaver-1.9.5.jar;C:\Users\dell\.m2\repository\org\springframework\boot\spring-boot-starter-jdbc\2.3.1.RELEASE\spring-boot-starter-jdbc-2.3.1.RELEASE.jar;C:\Users\dell\.m2\repository\com\zaxxer\HikariCP\3.4.5\HikariCP-3.4.5.jar;C:\Users\dell\.m2\repository\org\springframework\spring-jdbc\5.2.7.RELEASE\spring-jdbc-5.2.7.RELEASE.jar;C:\Users\dell\.m2\repository\jakarta\transaction\jakarta.transaction-api\1.3.3\jakarta.transaction-api-1.3.3.jar;C:\Users\dell\.m2\repository\jakarta\persistence\jakarta.persistence-api\2.2.3\jakarta.persistence-api-2.2.3.jar;C:\Users\dell\.m2\repository\org\hibernate\hibernate-core\5.4.17.Final\hibernate-core-5.4.17.Final.jar;C:\Users\dell\.m2\repository\org\jboss\logging\jboss-logging\3.4.1.Final\jboss-logging-3.4.1.Final.jar;C:\Users\dell\.m2\repository\org\javassist\javassist\3.24.0-GA\javassist-3.24.0-GA.jar;C:\Users\dell\.m2\repository\net\bytebuddy\byte-buddy\1.10.11\byte-buddy-1.10.11.jar;C:\Users\dell\.m2\repository\antlr\antlr\2.7.7\antlr-2.7.7.jar;C:\Users\dell\.m2\repository\org\jboss\jandex\2.1.3.Final\jandex-2.1.3.Final.jar;C:\Users\dell\.m2\repository\com\fasterxml\classmate\1.5.1\classmate-1.5.1.jar;C:\Users\dell\.m2\repository\org\dom4j\dom4j\2.1.3\dom4j-2.1.3.jar;C:\Users\dell\.m2\repository\org\hibernate\common\hibernate-commons-annotations\5.1.0.Final\hibernate-commons-annotations-5.1.0.Final.jar;C:\Users\dell\.m2\repository\org\glassfish\jaxb\jaxb-runtime\2.3.3\jaxb-runtime-2.3.3.jar;C:\Users\dell\.m2\repository\org\glassfish\jaxb\txw2\2.3.3\txw2-2.3.3.jar;C:\Users\dell\.m2\repository\com\sun\istack\istack-c
Launcher Type: SUN_STANDARD

Environment Variables:
JAVA_HOME=C:\Program Files\Java\jdk1.8.0_60
PATH=C:/Program Files/Java/jre1.8.0_251/bin/server;C:/Program Files/Java/jre1.8.0_251/bin;C:/Program Files/Java/jre1.8.0_251/lib/amd64;C:\Program Files (x86)\Common Files\Oracle\Java\javapath;C:\oracle\dbhomeXE\bin;C:\Python27\;C:\Python27\Scripts;C:\ProgramData\Oracle\Java\javapath;C:\Windows\system32;C:\Windows;C:\Windows\System32\Wbem;C:\Windows\System32\WindowsPowerShell\v1.0\;C:\Windows\System32\OpenSSH\;C:\ProgramData\chocolatey\bin;C:\Program Files\apache-maven-3.6.3\bin;C:\Program Files\Java\jdk1.8.0_60\bin;C:\oracle\instantclient;C:\Program Files\Git\cmd;C:\Program Files\nodejs\;C:\Users\dell\AppData\Local\Microsoft\WindowsApps;C:\apache-maven-3.6.1\bin;C:\Program Files\Java\jdk1.8.0_60\bin;C:\Users\dell\AppData\Local\Programs\Microsoft VS Code\bin;C:\Users\dell\AppData\Local\GitHubDesktop\bin;C:\Users\dell\AppData\Roaming\npm;C:\Users\dell\Downloads\spring-tool-suite-4-4.6.1.RELEASE-e4.15.0-win32.win32.x86_64.self-extracting\contents\sts-4.6.1.RELEASE;
USERNAME=dell
OS=Windows_NT
PROCESSOR_IDENTIFIER=Intel64 Family 6 Model 142 Stepping 10, GenuineIntel



---------------  S Y S T E M  ---------------

OS: Windows 10.0 , 64 bit Build 18362 (10.0.18362.1082)

CPU:total 8 (4 cores per cpu, 2 threads per core) family 6 model 142 stepping 10, cmov, cx8, fxsr, mmx, sse, sse2, sse3, ssse3, sse4.1, sse4.2, popcnt, avx, avx2, aes, clmul, erms, 3dnowpref, lzcnt, ht, tsc, tscinvbit, bmi1, bmi2, adx

Memory: 4k page, physical 16672508k(617836k free), swap 22911784k(36k free)

vm_info: Java HotSpot(TM) 64-Bit Server VM (25.60-b23) for windows-amd64 JRE (1.8.0_60-b27), built on Aug  4 2015 11:06:27 by "java_re" with MS VC++ 10.0 (VS2010)

time: Sat Oct 10 21:03:31 2020
elapsed time: 260 seconds (0d 0h 4m 20s)

